Copy Files to temporary Path
Copy Project Directory from Z:\Users\bef\02_Github\450\V4500330\QVIS_V4500330 to C:\Users\Admin\AppData\Local\Temp\QVisTmp
Copy Symbol Directory from .\bitmap to C:\Users\Admin\AppData\Local\Temp\QVisTmp\Symbol
Copy Object Directory from .\object to C:\Users\Admin\AppData\Local\Temp\QVisTmp\Object
Copy Page Directory from .\page to C:\Users\Admin\AppData\Local\Temp\QVisTmp\Page
Copy TextList Directory from .\textlist to C:\Users\Admin\AppData\Local\Temp\QVisTmp\TextList
Copy Font Directory from .\character to C:\Users\Admin\AppData\Local\Temp\QVisTmp\Chs
Loading...
    c:\users\admin\appdata\local\temp\qvistmp\page\ToolCalibration.qpa
    c:\users\admin\appdata\local\temp\qvistmp\page\ToolGeometry.qpa
    c:\users\admin\appdata\local\temp\qvistmp\page\Profile.qpa
    c:\users\admin\appdata\local\temp\qvistmp\page\GeneralSetup.qpa
    c:\users\admin\appdata\local\temp\qvistmp\page\Configuration.qpa
    c:\users\admin\appdata\local\temp\qvistmp\page\GeneralError.qpa
    c:\users\admin\appdata\local\temp\qvistmp\page\ToolGeometry_2.qpa
    c:\users\admin\appdata\local\temp\qvistmp\page\WarmUp.qpa
    c:\users\admin\appdata\local\temp\qvistmp\page\GrindAxisTeachIn.qpa
    c:\users\admin\appdata\local\temp\qvistmp\page\ToolDiameter.qpa
    c:\users\admin\appdata\local\temp\qvistmp\page\Prism.qpa
    c:\users\admin\appdata\local\temp\qvistmp\page\GrindAxisError.qpa
    c:\users\admin\appdata\local\temp\qvistmp\page\AutoGeometry.qpa
    c:\users\admin\appdata\local\temp\qvistmp\page\AutoGroove.qpa
    c:\users\admin\appdata\local\temp\qvistmp\page\Reference.qpa
    c:\users\admin\appdata\local\temp\qvistmp\page\NormalSetup1.qpa
    c:\users\admin\appdata\local\temp\qvistmp\page\NormalSetup2.qpa
    c:\users\admin\appdata\local\temp\qvistmp\page\NormalError.qpa
    c:\users\admin\appdata\local\temp\qvistmp\page\SystemInformation.qpa
    c:\users\admin\appdata\local\temp\qvistmp\page\AutoGeometry_Page2.qpa
    c:\users\admin\appdata\local\temp\qvistmp\page\AutoGroove_Page2.qpa
    c:\users\admin\appdata\local\temp\qvistmp\page\SystemInformation2.qpa
    c:\users\admin\appdata\local\temp\qvistmp\page\KeypadPw.qpa
    c:\users\admin\appdata\local\temp\qvistmp\page\TextSymbolKeypad_2x.qpa
    c:\users\admin\appdata\local\temp\qvistmp\page\KeypadNum_2x.qpa
    c:\users\admin\appdata\local\temp\qvistmp\page\TextKeypad.qpa
    c:\users\admin\appdata\local\temp\qvistmp\page\TextKeypad_gross.qpa
    c:\users\admin\appdata\local\temp\qvistmp\page\ParameterGeneral.qpa
    c:\users\admin\appdata\local\temp\qvistmp\page\ParameterToolRotation.qpa
    c:\users\admin\appdata\local\temp\qvistmp\page\ParameterWireFeeder.qpa
    c:\users\admin\appdata\local\temp\qvistmp\page\ParameterGrindAxis.qpa
    c:\users\admin\appdata\local\temp\qvistmp\page\ToolRotTeachIn.qpa
    c:\users\admin\appdata\local\temp\qvistmp\page\ToolTorque.qpa
    c:\users\admin\appdata\local\temp\qvistmp\page\ToolTension.qpa
    c:\users\admin\appdata\local\temp\qvistmp\page\ToolRotError.qpa
    c:\users\admin\appdata\local\temp\qvistmp\page\WireFeedTeachIn.qpa
    c:\users\admin\appdata\local\temp\qvistmp\page\SettingUp.qpa
    c:\users\admin\appdata\local\temp\qvistmp\page\WireFeedError.qpa
    c:\users\admin\appdata\local\temp\qvistmp\page\WireFeedMaxToolLength.qpa
    c:\users\admin\appdata\local\temp\qvistmp\page\Start.qpa
    c:\users\admin\appdata\local\temp\qvistmp\page\Wait_Com.qpa
    c:\users\admin\appdata\local\temp\qvistmp\page\BIOSParameterStartUp.qpa
    c:\users\admin\appdata\local\temp\qvistmp\page\BIOSPasswordStartUp.qpa
Building...
    Texts of Language 1
    Texts of Language 2
    Texts of Language 3
Symbols
    c:\users\admin\appdata\local\temp\qvistmp\symbol\BtPanel_left_inactiv.bmp
    c:\users\admin\appdata\local\temp\qvistmp\symbol\BtPanel_left_activ.bmp
    c:\users\admin\appdata\local\temp\qvistmp\symbol\BtUp_80x50.bmp
    c:\users\admin\appdata\local\temp\qvistmp\symbol\BtDown_80x50.bmp
    c:\users\admin\appdata\local\temp\qvistmp\symbol\BtPanel_right_inactiv.bmp
    c:\users\admin\appdata\local\temp\qvistmp\symbol\BtPage_Nav_Vertical.bmp
    c:\users\admin\appdata\local\temp\qvistmp\symbol\BtFnBackGround.bmp
    c:\users\admin\appdata\local\temp\qvistmp\symbol\Overlay_Grey_480x300.bmp
    c:\users\admin\appdata\local\temp\qvistmp\symbol\BtUp_160x50.bmp
    c:\users\admin\appdata\local\temp\qvistmp\symbol\BtDown_160x50.bmp
    c:\users\admin\appdata\local\temp\qvistmp\symbol\Status_None.bmp
    c:\users\admin\appdata\local\temp\qvistmp\symbol\Status_Ok.bmp
    c:\users\admin\appdata\local\temp\qvistmp\symbol\Status_Busy.bmp
    c:\users\admin\appdata\local\temp\qvistmp\symbol\Status_Err.bmp
    c:\users\admin\appdata\local\temp\qvistmp\symbol\Form0.bmp
    c:\users\admin\appdata\local\temp\qvistmp\symbol\Form1.bmp
    c:\users\admin\appdata\local\temp\qvistmp\symbol\Form2.bmp
    c:\users\admin\appdata\local\temp\qvistmp\symbol\Form3.bmp
    c:\users\admin\appdata\local\temp\qvistmp\symbol\Form4.bmp
    c:\users\admin\appdata\local\temp\qvistmp\symbol\FormError.bmp
    c:\users\admin\appdata\local\temp\qvistmp\symbol\LabelBlue_83x32.bmp
    c:\users\admin\appdata\local\temp\qvistmp\symbol\LabelWhite_83x32.bmp
    c:\users\admin\appdata\local\temp\qvistmp\symbol\list_page_up.bmp
    c:\users\admin\appdata\local\temp\qvistmp\symbol\list_page_down.bmp
    c:\users\admin\appdata\local\temp\qvistmp\symbol\list_up.bmp
    c:\users\admin\appdata\local\temp\qvistmp\symbol\list_down.bmp
    c:\users\admin\appdata\local\temp\qvistmp\symbol\Zylinder2.bmp
    c:\users\admin\appdata\local\temp\qvistmp\symbol\Status_white_2.bmp
    c:\users\admin\appdata\local\temp\qvistmp\symbol\Status_green_2.bmp
    c:\users\admin\appdata\local\temp\qvistmp\symbol\BtUp_45x45.bmp
    c:\users\admin\appdata\local\temp\qvistmp\symbol\BtDown_45x45.bmp
    c:\users\admin\appdata\local\temp\qvistmp\symbol\WarningWarmup_400x195.bmp
    c:\users\admin\appdata\local\temp\qvistmp\symbol\WarningWarmup_Invert_400x195.bmp
    c:\users\admin\appdata\local\temp\qvistmp\symbol\BtUp_160x100.bmp
    c:\users\admin\appdata\local\temp\qvistmp\symbol\BtDown_160x100.bmp
    c:\users\admin\appdata\local\temp\qvistmp\symbol\Status_white.bmp
    c:\users\admin\appdata\local\temp\qvistmp\symbol\Status_green.bmp
    c:\users\admin\appdata\local\temp\qvistmp\symbol\Status_yellow.bmp
    c:\users\admin\appdata\local\temp\qvistmp\symbol\Status_red.bmp
    c:\users\admin\appdata\local\temp\qvistmp\symbol\LineBlack_width280.bmp
    c:\users\admin\appdata\local\temp\qvistmp\symbol\PrismaD1a.bmp
    c:\users\admin\appdata\local\temp\qvistmp\symbol\PrismaD1D2a.bmp
    c:\users\admin\appdata\local\temp\qvistmp\symbol\DisplayOverlayMsgInfo.bmp
    c:\users\admin\appdata\local\temp\qvistmp\symbol\DisplayOverlayMsgError.bmp
    c:\users\admin\appdata\local\temp\qvistmp\symbol\LangUk.bmp
    c:\users\admin\appdata\local\temp\qvistmp\symbol\LangGer.bmp
    c:\users\admin\appdata\local\temp\qvistmp\symbol\LangFren.bmp
    c:\users\admin\appdata\local\temp\qvistmp\symbol\RndUp.bmp
    c:\users\admin\appdata\local\temp\qvistmp\symbol\RndDown.bmp
    c:\users\admin\appdata\local\temp\qvistmp\symbol\cancel.bmp
    c:\users\admin\appdata\local\temp\qvistmp\symbol\Ok.bmp
    c:\users\admin\appdata\local\temp\qvistmp\symbol\backspace.bmp
    c:\users\admin\appdata\local\temp\qvistmp\symbol\Schlüssel.bmp
    c:\users\admin\appdata\local\temp\qvistmp\symbol\EingabefeldKeyPad_2x.bmp
    c:\users\admin\appdata\local\temp\qvistmp\symbol\down40.bmp
    c:\users\admin\appdata\local\temp\qvistmp\symbol\0.bmp
    c:\users\admin\appdata\local\temp\qvistmp\symbol\1.bmp
    c:\users\admin\appdata\local\temp\qvistmp\symbol\2.bmp
    c:\users\admin\appdata\local\temp\qvistmp\symbol\3.bmp
    c:\users\admin\appdata\local\temp\qvistmp\symbol\4.bmp
    c:\users\admin\appdata\local\temp\qvistmp\symbol\5.bmp
    c:\users\admin\appdata\local\temp\qvistmp\symbol\6.bmp
    c:\users\admin\appdata\local\temp\qvistmp\symbol\7.bmp
    c:\users\admin\appdata\local\temp\qvistmp\symbol\8.bmp
    c:\users\admin\appdata\local\temp\qvistmp\symbol\9.bmp
    c:\users\admin\appdata\local\temp\qvistmp\symbol\punkt.bmp
    c:\users\admin\appdata\local\temp\qvistmp\symbol\plusminus.bmp
    c:\users\admin\appdata\local\temp\qvistmp\symbol\LineGrey_width370.bmp
    c:\users\admin\appdata\local\temp\qvistmp\symbol\up25.bmp
    c:\users\admin\appdata\local\temp\qvistmp\symbol\down25.bmp
    c:\users\admin\appdata\local\temp\qvistmp\symbol\spaceUp.bmp
    c:\users\admin\appdata\local\temp\qvistmp\symbol\spaceDown.bmp
    c:\users\admin\appdata\local\temp\qvistmp\symbol\ShiftUp.bmp
    c:\users\admin\appdata\local\temp\qvistmp\symbol\ShiftDown.bmp
    c:\users\admin\appdata\local\temp\qvistmp\symbol\up40.bmp
    c:\users\admin\appdata\local\temp\qvistmp\symbol\spaceUp_gross.bmp
    c:\users\admin\appdata\local\temp\qvistmp\symbol\spaceDown_gross.bmp
    c:\users\admin\appdata\local\temp\qvistmp\symbol\ShiftUp_gross.bmp
    c:\users\admin\appdata\local\temp\qvistmp\symbol\ShiftDown_gross.bmp
    c:\users\admin\appdata\local\temp\qvistmp\symbol\edit_param.bmp
    c:\users\admin\appdata\local\temp\qvistmp\symbol\SelectButton.bmp
    c:\users\admin\appdata\local\temp\qvistmp\symbol\AxisRefIndex.bmp
    c:\users\admin\appdata\local\temp\qvistmp\symbol\LogoMicrocut2002Gross_weiss_bkgrd.bmp
Variables
Pages
    c:\users\admin\appdata\local\temp\qvistmp\page\ToolCalibration.qpa
        BtPanel_Left.qob
        BtPanel_Left_Text.qob
        BtNav_Task_General.qob
        BtPanel_Right_ToolCalibration.qob
        TitlePage110.qob
        StDataInfoNameProfile.qob
        FnBtFunction_ToolCalibration.qob
        ToolCalibrationDataInfo.qob
        ToolCalibrationProgressBar.qob
        ToolCalibrationState.qob
        MeasureToolDiaInput_Overlay.qob
        MachineState.qob
        Message_Line_Francais.qob
        Message_Line_Deutsch.qob
        Message_Line_English.qob
        Message_Line_Generel.qob
        GrindFeederSetPlunge_Overlay.qob
    c:\users\admin\appdata\local\temp\qvistmp\page\ToolGeometry.qpa
        BtPanel_Left.qob
        BtPanel_Left_Text.qob
        BtNav_Task_General.qob
        TitlePage120.qob
        FnBtFunction_ToolGeometry.qob
        StDataInfoNameProfile.qob
        GeometryInput.qob
        Message_Line_Francais.qob
        Message_Line_Deutsch.qob
        Message_Line_English.qob
        Message_Line_Generel.qob
        MachineState.qob
        BtPanel_Right_ToolGeometry_1.qob
    c:\users\admin\appdata\local\temp\qvistmp\page\Profile.qpa
        BtPanel_Left.qob
        BtPanel_Left_Text.qob
        BtNav_Task_General.qob
        BtPanel_Right_Profile.qob
        TitlePage130.qob
        StProfileList.qob
        StNav_ProfileList.qob
        StProfileId.qob
        StProfileTitleListProfile.qob
        StProfileTitleProcess.qob
        StDataInfoNameProfile.qob
        Message_Line_Francais.qob
        Message_Line_Deutsch.qob
        Message_Line_English.qob
        Message_Line_Generel.qob
        MachineState.qob
        MessageBox_Overlay.qob
    c:\users\admin\appdata\local\temp\qvistmp\page\GeneralSetup.qpa
        BtPanel_Left.qob
        BtPanel_Left_Text.qob
        BtNav_Task_General.qob
        BtPanel_Right_GeneralSetup_2.qob
        TitlePage140.qob
        SetupToolTension.qob
        SetupToolTensionPara.qob
        MachineState.qob
        Message_Line_Francais.qob
        Message_Line_Deutsch.qob
        Message_Line_English.qob
        Message_Line_Generel.qob
    c:\users\admin\appdata\local\temp\qvistmp\page\Configuration.qpa
        BtPanel_Left.qob
        BtPanel_Left_Text.qob
        BtNav_Task_General.qob
        BtPanel_Right_Configuration.qob
        TitlePage150.qob
        MachineConfiguration.qob
        MachineState.qob
        Message_Line_Francais.qob
        Message_Line_Deutsch.qob
        Message_Line_English.qob
        Message_Line_Generel.qob
    c:\users\admin\appdata\local\temp\qvistmp\page\GeneralError.qpa
        BtPanel_Left.qob
        BtPanel_Left_Text.qob
        BtNav_Task_General.qob
        BtPanel_Right_GeneralError.qob
        TitlePage160.qob
        ErrorListDeutsch.qob
        ErrorListEnglish.qob
        ErrorListFrancais.qob
        MachineState.qob
        Message_Line_Francais.qob
        Message_Line_Deutsch.qob
        Message_Line_English.qob
        Message_Line_Generel.qob
    c:\users\admin\appdata\local\temp\qvistmp\page\ToolGeometry_2.qpa
        BtPanel_Left.qob
        BtPanel_Left_Text.qob
        BtNav_Task_General.qob
        StDataInfoNameProfile.qob
        Message_Line_Francais.qob
        Message_Line_Deutsch.qob
        Message_Line_English.qob
        Message_Line_Generel.qob
        MachineState.qob
        FnBtFunction_ToolGeometry_2.qob
        GeometryInput_2.qob
        TitlePage121.qob
        BtPanel_Right_ToolGeometry_1.qob
    c:\users\admin\appdata\local\temp\qvistmp\page\WarmUp.qpa
        BtPanel_Left.qob
        BtPanel_Left_Text.qob
        BtNav_Task_General.qob
        TitlePage141.qob
        StDataInfoNameProfile.qob
        Message_Line_Francais.qob
        Message_Line_Deutsch.qob
        Message_Line_English.qob
        Message_Line_Generel.qob
        MachineState.qob
        SetupWarmUp.qob
        FnBtFunction_WarmUp.qob
        BtPanel_Right_GeneralSetup_2.qob
        WarmUpWarning.qob
        WarmUpWarning_2.qob
    c:\users\admin\appdata\local\temp\qvistmp\page\GrindAxisTeachIn.qpa
        BtPanel_Left.qob
        BtPanel_Left_Text.qob
        BtNav_Task_GrindAxis.qob
        TitlePage410.qob
        TeachINSelectAxisGrind.qob
        StStateAxisGrind.qob
        TeachInGrindAxisState.qob
        TeachINValueGrindAxis.qob
        FnBtFunction_TeachInGrind.qob
        BtPanel_Right_GrindAxisTeachIn.qob
        MachineState.qob
        Message_Line_Francais.qob
        Message_Line_Deutsch.qob
        Message_Line_English.qob
        Message_Line_Generel.qob
        StDataInfoNameProfile.qob
        TeachINSelectAxisGrindSpindle.qob
        TeachINValueGrindSpindle.qob
        StStateAxisGrindSpindle.qob
        FnBtFunction_TeachInGrindSpindle.qob
        GrindSpindleProgressBar.qob
    c:\users\admin\appdata\local\temp\qvistmp\page\ToolDiameter.qpa
        BtPanel_Left.qob
        BtPanel_Left_Text.qob
        BtNav_Task_GrindAxis.qob
        BtPanel_Right_ToolDiameter.qob
        TitlePage420.qob
        FnBtFunction_ToolDiameter.qob
        ToolDiameterDataInfo.qob
        MachineState.qob
        Message_Line_Francais.qob
        Message_Line_Deutsch.qob
        Message_Line_English.qob
        Message_Line_Generel.qob
    c:\users\admin\appdata\local\temp\qvistmp\page\Prism.qpa
        BtPanel_Left.qob
        BtPanel_Left_Text.qob
        BtNav_Task_GrindAxis.qob
        BtPanel_Right_Prism.qob
        TitlePage430.qob
        PrismaDataInfo.qob
        StDataInfoNameProfile.qob
        FnBtFunction_Prisma.qob
        Message_Line_Francais.qob
        Message_Line_Deutsch.qob
        Message_Line_English.qob
        Message_Line_Generel.qob
        MachineState.qob
        MessageBox_Overlay.qob
    c:\users\admin\appdata\local\temp\qvistmp\page\GrindAxisError.qpa
        BtPanel_Left.qob
        BtPanel_Left_Text.qob
        BtNav_Task_GrindAxis.qob
        BtPanel_Right_GrindAxisError.qob
        TitlePage460.qob
        ErrorListDeutsch.qob
        ErrorListEnglish.qob
        ErrorListFrancais.qob
        MachineState.qob
        Message_Line_Francais.qob
        Message_Line_Deutsch.qob
        Message_Line_English.qob
        Message_Line_Generel.qob
    c:\users\admin\appdata\local\temp\qvistmp\page\AutoGeometry.qpa
        AutoGeometryDataInfoMicroWire.qob
        BtPanel_Left.qob
        BtPanel_Left_Text.qob
        BtNav_Task_Normal.qob
        BtPanel_Right_AutoGeometry.qob
        TitlePage10.qob
        StDataInfoNameProfile.qob
        FnBtFunction_AutoGeometry.qob
        AutoGeometryDataInfo.qob
        AutoGeometryProgressBar.qob
        AutoGeometryState.qob
        MachineState.qob
        Message_Line_Francais.qob
        Message_Line_Deutsch.qob
        Message_Line_English.qob
        Message_Line_Generel.qob
        AutoToolDiaInfo_2.qob
        SafetyOverlayMsgInfo.qob
        SafetyOverlayMsgError.qob
    c:\users\admin\appdata\local\temp\qvistmp\page\AutoGroove.qpa
        BtPanel_Left.qob
        BtPanel_Left_Text.qob
        BtNav_Task_Normal.qob
        BtPanel_Right_AutoGroove.qob
        TitlePage20.qob
        StDataInfoNameProfile.qob
        GrindSpindleProgressBar.qob
        AutoGrooveState.qob
        FnBtFunction_AutoGroove.qob
        AutoGrooveDataInfo.qob
        MachineState.qob
        Message_Line_Francais.qob
        Message_Line_Deutsch.qob
        Message_Line_English.qob
        Message_Line_Generel.qob
        AutoToolDiaInfo_2.qob
        SafetyOverlayMsgInfo.qob
        SafetyOverlayMsgError.qob
    c:\users\admin\appdata\local\temp\qvistmp\page\Reference.qpa
        BtPanel_Left.qob
        BtPanel_Left_Text.qob
        BtNav_Task_Normal.qob
        BtPanel_Right_Reference.qob
        TitlePage30.qob
        FnBtFunction_Reference.qob
        ReferenceState.qob
        ReferenceDataInfo.qob
        Reference_Hide.qob
        MachineState.qob
        Message_Line_Francais.qob
        Message_Line_Deutsch.qob
        Message_Line_English.qob
        Message_Line_Generel.qob
        SafetyOverlayMsgInfo.qob
        SafetyOverlayMsgError.qob
    c:\users\admin\appdata\local\temp\qvistmp\page\NormalSetup1.qpa
        BtPanel_Left.qob
        BtPanel_Left_Text.qob
        BtNav_Task_Normal.qob
        BtPanel_Right_NormalSetup1.qob
        TitlePage40.qob
        ChangeLevel.qob
        MachineState.qob
        Message_Line_Francais.qob
        Message_Line_Deutsch.qob
        Message_Line_English.qob
        Message_Line_Generel.qob
    c:\users\admin\appdata\local\temp\qvistmp\page\NormalSetup2.qpa
        BtPanel_Left.qob
        BtPanel_Left_Text.qob
        BtNav_Task_Normal.qob
        BtPanel_Right_NormalSetup2.qob
        TitlePage41.qob
        ChangeLanguage.qob
        MachineState.qob
        Message_Line_Francais.qob
        Message_Line_Deutsch.qob
        Message_Line_English.qob
        Message_Line_Generel.qob
    c:\users\admin\appdata\local\temp\qvistmp\page\NormalError.qpa
        BtPanel_Left.qob
        BtPanel_Left_Text.qob
        BtNav_Task_Normal.qob
        BtPanel_Right_NormalError.qob
        TitlePage60.qob
        ErrorListDeutsch.qob
        ErrorListEnglish.qob
        ErrorListFrancais.qob
        MachineState.qob
        Message_Line_Francais.qob
        Message_Line_Deutsch.qob
        Message_Line_English.qob
        Message_Line_Generel.qob
    c:\users\admin\appdata\local\temp\qvistmp\page\SystemInformation.qpa
        BtPanel_Left.qob
        BtPanel_Left_Text.qob
        BtNav_Task_Normal.qob
        BtPanel_Right_SystemInformation.qob
        TitlePage50.qob
        SystemInfo.qob
        MachineState.qob
        Message_Line_Francais.qob
        Message_Line_Deutsch.qob
        Message_Line_English.qob
        Message_Line_Generel.qob
    c:\users\admin\appdata\local\temp\qvistmp\page\AutoGeometry_Page2.qpa
        BtPanel_Left.qob
        BtPanel_Left_Text.qob
        BtNav_Task_Normal.qob
        BtPanel_Right_AutoGeometry.qob
        TitlePage11.qob
        ToolDiameterDataInfo.qob
        FnBtFunction_ToolDiameter.qob
        Message_Line_English.qob
        Message_Line_Generel.qob
        MachineState.qob
        Message_Line_Francais.qob
        Message_Line_Deutsch.qob
        Message_Line_English.qob
        Message_Line_Generel.qob
    c:\users\admin\appdata\local\temp\qvistmp\page\AutoGroove_Page2.qpa
        BtPanel_Left.qob
        BtPanel_Left_Text.qob
        BtNav_Task_Normal.qob
        BtPanel_Right_AutoGeometry.qob
        TitlePage21.qob
        ToolDiameterDataInfo.qob
        FnBtFunction_ToolDiameter.qob
        Message_Line_English.qob
        Message_Line_Generel.qob
        MachineState.qob
        Message_Line_Francais.qob
        Message_Line_Deutsch.qob
        Message_Line_English.qob
        Message_Line_Generel.qob
    c:\users\admin\appdata\local\temp\qvistmp\page\SystemInformation2.qpa
        BtPanel_Left.qob
        BtPanel_Left_Text.qob
        BtNav_Task_Normal.qob
        BtPanel_Right_SystemInformation.qob
        TitlePage51.qob
        MachineState.qob
        Message_Line_Francais.qob
        Message_Line_Deutsch.qob
        Message_Line_English.qob
        Message_Line_Generel.qob
        SystemAxisInfo.qob
        SystemAxisInfoMicroWire.qob
    c:\users\admin\appdata\local\temp\qvistmp\page\KeypadPw.qpa
        KeypadPw.qob
    c:\users\admin\appdata\local\temp\qvistmp\page\TextSymbolKeypad_2x.qpa
        TextSymbolKeypad_2x.qob
    c:\users\admin\appdata\local\temp\qvistmp\page\KeypadNum_2x.qpa
        KeypadNum_2x.qob
    c:\users\admin\appdata\local\temp\qvistmp\page\TextKeypad.qpa
        TextKeypad.qob
    c:\users\admin\appdata\local\temp\qvistmp\page\TextKeypad_gross.qpa
        TextKeypad_gross.qob
    c:\users\admin\appdata\local\temp\qvistmp\page\ParameterGeneral.qpa
        BtPanel_Left.qob
        BtPanel_Left_Text.qob
        BtNav_Task_General.qob
        BtPanel_Right_Parameter.qob
        TitlePage170.qob
        NavParam.qob
        ParamSetupToolTension.qob
        ParamMachineConfig.qob
        Message_Line_Francais.qob
        Message_Line_Deutsch.qob
        Message_Line_English.qob
        Message_Line_Generel.qob
        MachineState.qob
        ParamAutoGeometry.qob
        ParamAutoGroove.qob
        ParamProcess.qob
        ParamNav_ParaList.qob
        ParamCalibration.qob
        ParamProfile.qob
        NavParam1.qob
        StDataInfoNameProfile.qob
        ParamAutoGeometryMicroWire.qob
        ParamProcessMicroWire.qob
        ParamCalibrationMicroWire.qob
        ParamProfileMicroWire.qob
        ParamAutoGeometry2.qob
        ParamAutoGroove2.qob
        ParamCalibration2.qob
        ParamProcess2.qob
    c:\users\admin\appdata\local\temp\qvistmp\page\ParameterToolRotation.qpa
        BtPanel_Left.qob
        BtPanel_Left_Text.qob
        BtNav_Task_ToolRotation.qob
        BtPanel_Right_Parameter.qob
        TitlePage270.qob
        NavParam.qob
        Message_Line_Francais.qob
        Message_Line_Deutsch.qob
        Message_Line_English.qob
        Message_Line_Generel.qob
        MachineState.qob
        ParamCylToolTension.qob
        ParamNav_ParaListTeachRot.qob
        ParamTeachInToolRight.qob
        ParamTeachInToolLeft.qob
        ParamTeachInToolCenter.qob
    c:\users\admin\appdata\local\temp\qvistmp\page\ParameterWireFeeder.qpa
        BtPanel_Left.qob
        BtPanel_Left_Text.qob
        BtNav_Task_WireFeeder.qob
        BtPanel_Right_Parameter.qob
        TitlePage370.qob
        NavParam.qob
        MachineState.qob
        ParamTeachInToolFeederMicroRod.qob
        ParamTeachInToolFeederMicroWire.qob
        Message_Line_Francais.qob
        Message_Line_Deutsch.qob
        Message_Line_English.qob
        Message_Line_Generel.qob
    c:\users\admin\appdata\local\temp\qvistmp\page\ParameterGrindAxis.qpa
        BtPanel_Left.qob
        BtPanel_Left_Text.qob
        BtNav_Task_GrindAxis.qob
        BtPanel_Right_Parameter.qob
        TitlePage470.qob
        NavParam.qob
        MachineState.qob
        ParamTeachInGrindFeeder.qob
        Message_Line_Francais.qob
        Message_Line_Deutsch.qob
        Message_Line_English.qob
        Message_Line_Generel.qob
        MessageBox_Overlay.qob
    c:\users\admin\appdata\local\temp\qvistmp\page\ToolRotTeachIn.qpa
        BtPanel_Left.qob
        BtPanel_Left_Text.qob
        BtNav_Task_ToolRotation.qob
        BtPanel_Right_ToolRotTeachIn.qob
        TitlePage210.qob
        TeachINSelectAxisToolLeft.qob
        TeachINSelectAxisToolRight.qob
        TeachINSelectAxisToolCenter.qob
        FnBtFunction_TeachInToolRot.qob
        StStateAxisToolLeft.qob
        StStateAxisToolRight.qob
        StStateAxisToolCenter.qob
        TeachINValueToolRotation.qob
        Message_Line_Francais.qob
        Message_Line_Deutsch.qob
        Message_Line_English.qob
        Message_Line_Generel.qob
        MachineState.qob
        TeachInToolLeftState.qob
        TeachInToolRightState.qob
        TeachInToolCenterState.qob
    c:\users\admin\appdata\local\temp\qvistmp\page\ToolTorque.qpa
        BtPanel_Left.qob
        BtPanel_Left_Text.qob
        BtNav_Task_ToolRotation.qob
        BtPanel_Right_ToolTorque.qob
        TitlePage220.qob
        FnBtFunction_ToolTorque.qob
        ToolTorqueDataInfo.qob
        ToolTorqueState.qob
        ToolTorqueDataInfoMicroWire.qob
        MachineState.qob
        Message_Line_Francais.qob
        Message_Line_Deutsch.qob
        Message_Line_English.qob
        Message_Line_Generel.qob
    c:\users\admin\appdata\local\temp\qvistmp\page\ToolTension.qpa
        BtPanel_Left.qob
        BtPanel_Left_Text.qob
        BtNav_Task_ToolRotation.qob
        BtPanel_Right_ToolTension.qob
        TitlePage230.qob
        CylinderToolTension.qob
        MachineState.qob
        Message_Line_Francais.qob
        Message_Line_Deutsch.qob
        Message_Line_English.qob
        Message_Line_Generel.qob
        CylinderToolLeft.qob
        CylinderToolCenter.qob
        CylinderToolRight.qob
        CylinderToolPrismaLeft.qob
        CylinderToolPrismaRight.qob
        SelectToolTensionForce.qob
        Bevel_ToolTension.qob
    c:\users\admin\appdata\local\temp\qvistmp\page\ToolRotError.qpa
        BtPanel_Left.qob
        BtPanel_Left_Text.qob
        BtNav_Task_ToolRotation.qob
        BtPanel_Right_ToolRotError.qob
        TitlePage260.qob
        ErrorListDeutsch.qob
        ErrorListEnglish.qob
        ErrorListFrancais.qob
        MachineState.qob
        Message_Line_Francais.qob
        Message_Line_Deutsch.qob
        Message_Line_English.qob
        Message_Line_Generel.qob
    c:\users\admin\appdata\local\temp\qvistmp\page\WireFeedTeachIn.qpa
        BtPanel_Left.qob
        BtPanel_Left_Text.qob
        BtNav_Task_WireFeeder.qob
        TitlePage310.qob
        TeachINSelectAxisWireFeeder.qob
        StStateAxisWireFeeder.qob
        TeachINValueWireFeeder.qob
        TeachInWireFeederState.qob
        FnBtFunction_TeachInWireFeeder.qob
        BtPanel_Right_WireFeedTeachIn.qob
        TeachINSelectAxisWireFeederMicroWire.qob
        StStateAxisWireFeederMicroWire.qob
        TeachINValueWireFeederMicroWire.qob
        TeachInWireFeederState.qob
        MachineState.qob
        Message_Line_Francais.qob
        Message_Line_Deutsch.qob
        Message_Line_English.qob
        Message_Line_Generel.qob
        StDataInfoNameProfile.qob
    c:\users\admin\appdata\local\temp\qvistmp\page\SettingUp.qpa
        BtPanel_Left.qob
        BtPanel_Left_Text.qob
        BtNav_Task_WireFeeder.qob
        BtPanel_Right_SettingUp.qob
        TitlePage320.qob
        StWireFeederRefIndexScale.qob
        SettingupWireFeedMotor.qob
        SettingupWireFeederRefSensor.qob
        SettingupRefIndState.qob
        FnBtFunction_SettingUp.qob
        StStateAxisWireFeeder.qob
        SettingUpStateAxisWireFeeder.qob
        SettingUp_Hide.qob
        MachineState.qob
        Message_Line_Francais.qob
        Message_Line_Deutsch.qob
        Message_Line_English.qob
        Message_Line_Generel.qob
    c:\users\admin\appdata\local\temp\qvistmp\page\WireFeedError.qpa
        BtPanel_Left.qob
        BtPanel_Left_Text.qob
        BtNav_Task_WireFeeder.qob
        BtPanel_Right_WireFeedError.qob
        TitlePage360.qob
        ErrorListDeutsch.qob
        ErrorListEnglish.qob
        ErrorListFrancais.qob
        MachineState.qob
        Message_Line_Francais.qob
        Message_Line_Deutsch.qob
        Message_Line_English.qob
        Message_Line_Generel.qob
    c:\users\admin\appdata\local\temp\qvistmp\page\WireFeedMaxToolLength.qpa
        BtPanel_Left.qob
        BtPanel_Left_Text.qob
        BtNav_Task_WireFeeder.qob
        BtPanel_Right_Reference.qob
        TitlePage330.qob
        FnBtFunction_MaxToolLengthWireFeeder.qob
        ReferenceToolLengthState.qob
        ReferenceToolLengthDataInfo.qob
        MachineState.qob
        Message_Line_Francais.qob
        Message_Line_Deutsch.qob
        Message_Line_English.qob
        Message_Line_Generel.qob
        TeachINSelectAxisWireFeeder.qob
        StStateAxisWireFeeder.qob
        ReferenceToolLengthWarningText.qob
    c:\users\admin\appdata\local\temp\qvistmp\page\Start.qpa
        Startpage.qob
        Message_Line_Francais.qob
        Message_Line_Deutsch.qob
        Message_Line_English.qob
        Message_Line_Generel_Start.qob
        SafetyOverlayMsgError.qob
    c:\users\admin\appdata\local\temp\qvistmp\page\Wait_Com.qpa
        WaitComTitle.qob
    c:\users\admin\appdata\local\temp\qvistmp\page\BIOSParameterStartUp.qpa
        TitlePage2.qob
        ParamBIOS.qob
        BtPanel_Right_Parameter.qob
        NavParam.qob
        Message_Line_BIOS.qob
    c:\users\admin\appdata\local\temp\qvistmp\page\BIOSPasswordStartUp.qpa
        TitlePage1.qob
        ChangeLevelBIOS.qob
        Message_Line_BIOS.qob
Character sets
    C:\Users\Admin\AppData\Local\Temp\QVisTmp\Build\chs000.chs
    C:\Users\Admin\AppData\Local\Temp\QVisTmp\Build\chs001.chs
    C:\Users\Admin\AppData\Local\Temp\QVisTmp\Build\chs002.chs
    C:\Users\Admin\AppData\Local\Temp\QVisTmp\Build\chs003.chs
    C:\Users\Admin\AppData\Local\Temp\QVisTmp\Build\chs004.chs
    C:\Users\Admin\AppData\Local\Temp\QVisTmp\Build\chs005.chs
    C:\Users\Admin\AppData\Local\Temp\QVisTmp\Build\chs006.chs
    C:\Users\Admin\AppData\Local\Temp\QVisTmp\Build\chs007.chs
Project settings
    Pages
    Keyboard layouts
Advanced settings
Creating project.bin...
Build completed with 0 errors and 0 warnings.
-----------------------------------------------
